<?xml version="1.0" encoding="UTF-8"?>
<!-- Generated by org.testng.reporters.JUnitXMLReporter -->
<testsuite ignored="0" hostname="DESKTOP-1U1LOV2" failures="0" tests="4" name="Test" time="97.022" errors="0" timestamp="2021-06-06T15:07:42 IST">
  <testcase classname="Academy.HomePage2" name="basePageNavigation" time="1.193"/>
  <testcase classname="Academy.HomePage" name="basePageNavigation" time="39.464"/>
  <testcase classname="Academy.HomePage" name="basePageNavigation" time="23.584"/>
  <testcase classname="Academy.NavigationBar" name="basePageNavigation" time="0.35"/>
</testsuite> <!-- Test -->
