<?xml version="1.0" encoding="UTF-8"?>
<!-- Generated by org.testng.reporters.JUnitXMLReporter -->
<testsuite ignored="0" hostname="DESKTOP-1U1LOV2" failures="0" tests="0" name="Validating cucumber" time="0.208" errors="0" timestamp="2021-06-20T13:05:34 IST">
  <testcase classname="io.cucumber.testng.AbstractTestNGCucumberTests" name="@BeforeClass setUpClass" time="0.097">
    <failure type="java.lang.NoSuchMethodError" message="&amp;apos;io.cucumber.core.options.RuntimeOptionsBuilder io.cucumber.core.options.RuntimeOptionsBuilder.enablePublishPlugin()&amp;apos;">
      <![CDATA[java.lang.NoSuchMethodError: 'io.cucumber.core.options.RuntimeOptionsBuilder io.cucumber.core.options.RuntimeOptionsBuilder.enablePublishPlugin()'
at io.cucumber.testng.TestNGCucumberRunner.<init>(TestNGCucumberRunner.java:82)
at io.cucumber.testng.AbstractTestNGCucumberTests.setUpClass(AbstractTestNGCucumberTests.java:23)
at java.base/java.util.ArrayList.forEach(ArrayList.java:1511)
at java.base/java.util.concurrent.FutureTask.run(FutureTask.java:264)
at java.base/java.util.concurrent.ThreadPoolExecutor.runWorker(ThreadPoolExecutor.java:1130)
at java.base/java.util.concurrent.ThreadPoolExecutor$Worker.run(ThreadPoolExecutor.java:630)
at java.base/java.lang.Thread.run(Thread.java:831)
... Removed 16 stack frames]]>
    </failure>
  </testcase> <!-- @BeforeClass setUpClass -->
</testsuite> <!-- Validating cucumber -->
