<?xml version="1.0" encoding="UTF-8"?>
<testsuite xmlns:xsi="http://www.w3.org/2001/XMLSchema-instance" xsi:noNamespaceSchemaLocation="https://maven.apache.org/surefire/maven-surefire-plugin/xsd/surefire-test-report-3.0.xsd" version="3.0" name="TestSuite" time="9.653" tests="7" errors="0" skipped="4" failures="3">
  <properties>
[...]
</properties>
  <testcase name="invokeBrowser" classname="academy.NavigationBar" time="8.172">
    <failure message="Cannot invoke &quot;org.openqa.selenium.WebDriver.manage()&quot; because &quot;this.driver&quot; is null" type="java.lang.NullPointerException"><![CDATA[java.lang.NullPointerException: Cannot invoke "org.openqa.selenium.WebDriver.manage()" because "this.driver" is null
	at academy.NavigationBar.invokeBrowser(NavigationBar.java:25)
]]></failure>
    <system-out><![CDATA[chrome
chrome
]]></system-out>
  </testcase>
  <testcase name="basePageNavigation" classname="academy.NavigationBar" time="0">
    <skipped message="Cannot invoke &quot;org.openqa.selenium.WebDriver.manage()&quot; because &quot;this.driver&quot; is null"/>
  </testcase>
  <testcase name="tearDown" classname="academy.NavigationBar" time="0">
    <skipped/>
    <system-out><![CDATA[chrome
]]></system-out>
  </testcase>
  <testcase name="invokeBrowser" classname="academy.HomePage2" time="8.173">
    <failure message="Cannot invoke &quot;org.openqa.selenium.WebDriver.manage()&quot; because &quot;this.driver&quot; is null" type="java.lang.NullPointerException"><![CDATA[java.lang.NullPointerException: Cannot invoke "org.openqa.selenium.WebDriver.manage()" because "this.driver" is null
	at academy.HomePage2.invokeBrowser(HomePage2.java:21)
]]></failure>
  </testcase>
  <testcase name="basePageNavigation" classname="academy.HomePage2" time="0">
    <skipped message="Cannot invoke &quot;org.openqa.selenium.WebDriver.manage()&quot; because &quot;this.driver&quot; is null"/>
  </testcase>
  <testcase name="tearDown" classname="academy.HomePage2" time="0">
    <skipped/>
  </testcase>
  <testcase name="tearDown" classname="academy.HomePage" time="0.052">
    <failure message="Cannot invoke &quot;org.openqa.selenium.WebDriver.close()&quot; because &quot;this.driver&quot; is null" type="java.lang.NullPointerException"><![CDATA[java.lang.NullPointerException: Cannot invoke "org.openqa.selenium.WebDriver.close()" because "this.driver" is null
	at academy.HomePage.tearDown(HomePage.java:42)
]]></failure>
  </testcase>
</testsuite>